<?xml version="1.0" encoding="UTF-8"?>
<!-- Generated by org.testng.reporters.JUnitReportReporter -->
<testsuite skipped="0" hostname="CH-LT-017" name="com.trident.tests.TridentPagesTests" tests="4" failures="0" timestamp="20 Aug 2019 05:19:42 GMT" time="1.135" errors="0">
  <testcase name="placeHolderValueGetText" time="0.283" classname="com.trident.tests.TridentPagesTests"/>
  <testcase name="placeHolderValueTest" time="0.040" classname="com.trident.tests.TridentPagesTests"/>
  <testcase name="tabsListsGetText" time="0.546" classname="com.trident.tests.TridentPagesTests"/>
  <testcase name="totalNumResources" time="0.266" classname="com.trident.tests.TridentPagesTests"/>
</testsuite> <!-- com.trident.tests.TridentPagesTests -->
